# JRE version: OpenJDK Runtime Environment (8.0_212-b03) (build 1.8.0_212-8u212-b03-0ubuntu1.18.04.1-b03)
# Java VM: OpenJDK 64-Bit Server VM (25.212-b03 mixed mode linux-amd64 compressed oops)
Heap:
 PSYoungGen      total 256000K, used 128K [0x00000000d7100000, 0x00000000e6d00000, 0x0000000100000000)
  eden space 253952K, 0% used [0x00000000d7100000,0x00000000d7100000,0x00000000e6900000)
  from space 2048K, 6% used [0x00000000e6900000,0x00000000e6920000,0x00000000e6b00000)
  to   space 2048K, 0% used [0x00000000e6b00000,0x00000000e6b00000,0x00000000e6d00000)
 ParOldGen       total 84992K, used 1601K [0x0000000085200000, 0x000000008a500000, 0x00000000d7100000)
  object space 84992K, 1% used [0x0000000085200000,0x00000000853906b8,0x000000008a500000)
 Metaspace       used 9610K, capacity 9842K, committed 10112K, reserved 1058816K
  class space    used 1064K, capacity 1127K, committed 1152K, reserved 1048576K
GC Heap History (10 events):
Event: 0.833 GC heap after
Heap after GC invocations=2 (full 0):
 PSYoungGen      total 68608K, used 1634K [0x00000000d7100000, 0x00000000db900000, 0x0000000100000000)
  eden space 63488K, 0% used [0x00000000d7100000,0x00000000d7100000,0x00000000daf00000)
  from space 5120K, 31% used [0x00000000db400000,0x00000000db598830,0x00000000db900000)
  to   space 5120K, 0% used [0x00000000daf00000,0x00000000daf00000,0x00000000db400000)
 ParOldGen       total 84992K, used 16K [0x0000000085200000, 0x000000008a500000, 0x00000000d7100000)
  object space 84992K, 0% used [0x0000000085200000,0x0000000085204000,0x000000008a500000)
 Metaspace       used 9555K, capacity 9714K, committed 9856K, reserved 1058816K
  class space    used 1064K, capacity 1127K, committed 1152K, reserved 1048576K
}
Event: 1.175 GC heap before
{Heap before GC invocations=3 (full 0):
 PSYoungGen      total 68608K, used 65122K [0x00000000d7100000, 0x00000000db900000, 0x0000000100000000)
  eden space 63488K, 100% used [0x00000000d7100000,0x00000000daf00000,0x00000000daf00000)
  from space 5120K, 31% used [0x00000000db400000,0x00000000db598830,0x00000000db900000)
  to   space 5120K, 0% used [0x00000000daf00000,0x00000000daf00000,0x00000000db400000)
 ParOldGen       total 84992K, used 16K [0x0000000085200000, 0x000000008a500000, 0x00000000d7100000)
  object space 84992K, 0% used [0x0000000085200000,0x0000000085204000,0x000000008a500000)
 Metaspace       used 9559K, capacity 9714K, committed 9856K, reserved 1058816K
  class space    used 1064K, capacity 1127K, committed 1152K, reserved 1048576K
Event: 1.191 GC heap after
Heap after GC invocations=3 (full 0):
 PSYoungGen      total 68608K, used 1664K [0x00000000d7100000, 0x00000000df700000, 0x0000000100000000)
  eden space 63488K, 0% used [0x00000000d7100000,0x00000000d7100000,0x00000000daf00000)
  from space 5120K, 32% used [0x00000000daf00000,0x00000000db0a0020,0x00000000db400000)
  to   space 5120K, 0% used [0x00000000df200000,0x00000000df200000,0x00000000df700000)
 ParOldGen       total 84992K, used 24K [0x0000000085200000, 0x000000008a500000, 0x00000000d7100000)
  object space 84992K, 0% used [0x0000000085200000,0x0000000085206000,0x000000008a500000)
 Metaspace       used 9559K, capacity 9714K, committed 9856K, reserved 1058816K
  class space    used 1064K, capacity 1127K, committed 1152K, reserved 1048576K
}
Event: 1.503 GC heap before
{Heap before GC invocations=4 (full 0):
 PSYoungGen      total 68608K, used 65152K [0x00000000d7100000, 0x00000000df700000, 0x0000000100000000)
  eden space 63488K, 100% used [0x00000000d7100000,0x00000000daf00000,0x00000000daf00000)
  from space 5120K, 32% used [0x00000000daf00000,0x00000000db0a0020,0x00000000db400000)
  to   space 5120K, 0% used [0x00000000df200000,0x00000000df200000,0x00000000df700000)
 ParOldGen       total 84992K, used 24K [0x0000000085200000, 0x000000008a500000, 0x00000000d7100000)
  object space 84992K, 0% used [0x0000000085200000,0x0000000085206000,0x000000008a500000)
 Metaspace       used 9564K, capacity 9714K, committed 9856K, reserved 1058816K
  class space    used 1064K, capacity 1127K, committed 1152K, reserved 1048576K
Event: 1.519 GC heap after
Heap after GC invocations=4 (full 0):
 PSYoungGen      total 132096K, used 1666K [0x00000000d7100000, 0x00000000df700000, 0x0000000100000000)
  eden space 126976K, 0% used [0x00000000d7100000,0x00000000d7100000,0x00000000ded00000)
  from space 5120K, 32% used [0x00000000df200000,0x00000000df3a0830,0x00000000df700000)
  to   space 5120K, 0% used [0x00000000ded00000,0x00000000ded00000,0x00000000df200000)
 ParOldGen       total 84992K, used 32K [0x0000000085200000, 0x000000008a500000, 0x00000000d7100000)
  object space 84992K, 0% used [0x0000000085200000,0x0000000085208000,0x000000008a500000)
 Metaspace       used 9564K, capacity 9714K, committed 9856K, reserved 1058816K
  class space    used 1064K, capacity 1127K, committed 1152K, reserved 1048576K
}
Event: 2.084 GC heap before
{Heap before GC invocations=5 (full 0):
 PSYoungGen      total 132096K, used 128642K [0x00000000d7100000, 0x00000000df700000, 0x0000000100000000)
  eden space 126976K, 100% used [0x00000000d7100000,0x00000000ded00000,0x00000000ded00000)
  from space 5120K, 32% used [0x00000000df200000,0x00000000df3a0830,0x00000000df700000)
  to   space 5120K, 0% used [0x00000000ded00000,0x00000000ded00000,0x00000000df200000)
 ParOldGen       total 84992K, used 32K [0x0000000085200000, 0x000000008a500000, 0x00000000d7100000)
  object space 84992K, 0% used [0x0000000085200000,0x0000000085208000,0x000000008a500000)
 Metaspace       used 9586K, capacity 9714K, committed 9856K, reserved 1058816K
  class space    used 1064K, capacity 1127K, committed 1152K, reserved 1048576K
Event: 2.087 GC heap after
Heap after GC invocations=5 (full 0):
 PSYoungGen      total 132096K, used 1680K [0x00000000d7100000, 0x00000000e6d00000, 0x0000000100000000)
  eden space 126976K, 0% used [0x00000000d7100000,0x00000000d7100000,0x00000000ded00000)
  from space 5120K, 32% used [0x00000000ded00000,0x00000000deea4010,0x00000000df200000)
  to   space 2048K, 0% used [0x00000000e6b00000,0x00000000e6b00000,0x00000000e6d00000)
 ParOldGen       total 84992K, used 40K [0x0000000085200000, 0x000000008a500000, 0x00000000d7100000)
  object space 84992K, 0% used [0x0000000085200000,0x000000008520a000,0x000000008a500000)
 Metaspace       used 9586K, capacity 9714K, committed 9856K, reserved 1058816K
  class space    used 1064K, capacity 1127K, committed 1152K, reserved 1048576K
}
Event: 2.465 GC heap before
{Heap before GC invocations=6 (full 0):
 PSYoungGen      total 132096K, used 128656K [0x00000000d7100000, 0x00000000e6d00000, 0x0000000100000000)
  eden space 126976K, 100% used [0x00000000d7100000,0x00000000ded00000,0x00000000ded00000)
  from space 5120K, 32% used [0x00000000ded00000,0x00000000deea4010,0x00000000df200000)
  to   space 2048K, 0% used [0x00000000e6b00000,0x00000000e6b00000,0x00000000e6d00000)
 ParOldGen       total 84992K, used 40K [0x0000000085200000, 0x000000008a500000, 0x00000000d7100000)
  object space 84992K, 0% used [0x0000000085200000,0x000000008520a000,0x000000008a500000)
 Metaspace       used 9590K, capacity 9778K, committed 9856K, reserved 1058816K
  class space    used 1064K, capacity 1127K, committed 1152K, reserved 1048576K
Event: 2.467 GC heap after
Heap after GC invocations=6 (full 0):
 PSYoungGen      total 256000K, used 1648K [0x00000000d7100000, 0x00000000e6d00000, 0x0000000100000000)
  eden space 253952K, 0% used [0x00000000d7100000,0x00000000d7100000,0x00000000e6900000)
  from space 2048K, 80% used [0x00000000e6b00000,0x00000000e6c9c010,0x00000000e6d00000)
  to   space 2048K, 0% used [0x00000000e6900000,0x00000000e6900000,0x00000000e6b00000)
 ParOldGen       total 84992K, used 40K [0x0000000085200000, 0x000000008a500000, 0x00000000d7100000)
  object space 84992K, 0% used [0x0000000085200000,0x000000008520a000,0x000000008a500000)
 Metaspace       used 9590K, capacity 9778K, committed 9856K, reserved 1058816K
  class space    used 1064K, capacity 1127K, committed 1152K, reserved 1048576K
}
Event: 3.307 GC heap before
{Heap before GC invocations=7 (full 0):
 PSYoungGen      total 256000K, used 255600K [0x00000000d7100000, 0x00000000e6d00000, 0x0000000100000000)
  eden space 253952K, 100% used [0x00000000d7100000,0x00000000e6900000,0x00000000e6900000)
  from space 2048K, 80% used [0x00000000e6b00000,0x00000000e6c9c010,0x00000000e6d00000)
  to   space 2048K, 0% used [0x00000000e6900000,0x00000000e6900000,0x00000000e6b00000)
 ParOldGen       total 84992K, used 40K [0x0000000085200000, 0x000000008a500000, 0x00000000d7100000)
  object space 84992K, 0% used [0x0000000085200000,0x000000008520a000,0x000000008a500000)
 Metaspace       used 9610K, capacity 9842K, committed 10112K, reserved 1058816K
  class space    used 1064K, capacity 1127K, committed 1152K, reserved 1048576K

